[debug] [2023-03-26T02:30:18.516Z] ----------------------------------------------------------------------
[debug] [2023-03-26T02:30:18.518Z] Command:       C:\Program Files\nodejs\node.exe C:\Users\engin\AppData\Roaming\npm\node_modules\firebase-tools\lib\bin\firebase.js init
[debug] [2023-03-26T02:30:18.519Z] CLI Version:   11.25.1
[debug] [2023-03-26T02:30:18.519Z] Platform:      win32
[debug] [2023-03-26T02:30:18.519Z] Node Version:  v18.14.0
[debug] [2023-03-26T02:30:18.520Z] Time:          Sun Mar 26 2023 05:30:18 GMT+0300 (GMT+03:00)
[debug] [2023-03-26T02:30:18.520Z] ----------------------------------------------------------------------
[debug] 
[debug] [2023-03-26T02:30:18.523Z] >>> [apiv2][query] GET https://firebase-public.firebaseio.com/cli.json [none]
[debug] [2023-03-26T02:30:18.564Z] > command requires scopes: ["email","openid","https://www.googleapis.com/auth/cloudplatformprojects.readonly","https://www.googleapis.com/auth/firebase","https://www.googleapis.com/auth/cloud-platform"]
[debug] [2023-03-26T02:30:18.564Z] > authorizing via signed-in user (enginkaratas99@gmail.com)
[info] 
     ######## #### ########  ######## ########     ###     ######  ########
     ##        ##  ##     ## ##       ##     ##  ##   ##  ##       ##
     ######    ##  ########  ######   ########  #########  ######  ######
     ##        ##  ##    ##  ##       ##     ## ##     ##       ## ##
     ##       #### ##     ## ######## ########  ##     ##  ######  ########

You're about to initialize a Firebase project in this directory:

  C:\Users\engin\Documents\GitHub\TweetFilterAI

[debug] [2023-03-26T02:30:18.958Z] <<< [apiv2][status] GET https://firebase-public.firebaseio.com/cli.json 200
[debug] [2023-03-26T02:30:18.958Z] <<< [apiv2][body] GET https://firebase-public.firebaseio.com/cli.json {"cloudBuildErrorAfter":1594252800000,"cloudBuildWarnAfter":1590019200000,"defaultNode10After":1594252800000,"minVersion":"3.0.5","node8DeploysDisabledAfter":1613390400000,"node8RuntimeDisabledAfter":1615809600000,"node8WarnAfter":1600128000000}
